<?xml version="1.0" encoding="UTF-8"?>
<!-- Generated by org.testng.reporters.JUnitReportReporter -->
<testsuite hostname="Arabi-Anu" failures="0" tests="3" name="com.SeleniumGrid.AssignmentDevops.ParallelBrowser" time="124.975" errors="0" timestamp="2024-09-05T12:16:19 IST" skipped="0">
  <testcase classname="com.SeleniumGrid.AssignmentDevops.ParallelBrowser" name="CrossBrowser" time="41.299"/>
  <testcase classname="com.SeleniumGrid.AssignmentDevops.ParallelBrowser" name="CrossBrowser" time="43.174"/>
  <testcase classname="com.SeleniumGrid.AssignmentDevops.ParallelBrowser" name="CrossBrowser" time="40.502"/>
</testsuite> <!-- com.SeleniumGrid.AssignmentDevops.ParallelBrowser -->
